  Main.cpp
C:\Users\Xelrac\Documents\GitHub\Quadtrees-Demo\Quadtrees\Main.cpp(46,47): warning C4244: 'argument': conversion from 'float' to 'unsigned int', possible loss of data
C:\Users\Xelrac\Documents\GitHub\Quadtrees-Demo\Quadtrees\Main.cpp(46,40): warning C4244: 'argument': conversion from 'float' to 'unsigned int', possible loss of data
C:\Users\Xelrac\Documents\GitHub\Quadtrees-Demo\Quadtrees\Main.cpp(51,15): warning C4244: 'argument': conversion from 'time_t' to 'unsigned int', possible loss of data
C:\Users\Xelrac\Documents\GitHub\Quadtrees-Demo\Quadtrees\Main.cpp(59,140): warning C4244: 'argument': conversion from 'int' to 'T', possible loss of data
          with
          [
              T=float
          ]
C:\Users\Xelrac\Documents\GitHub\Quadtrees-Demo\Quadtrees\Main.cpp(59,123): warning C4244: 'argument': conversion from 'int' to 'T', possible loss of data
          with
          [
              T=float
          ]
C:\Users\Xelrac\Documents\GitHub\Quadtrees-Demo\Quadtrees\Main.cpp(60,14): warning C4244: 'initializing': conversion from 'float' to 'int', possible loss of data
C:\Users\Xelrac\Documents\GitHub\Quadtrees-Demo\Quadtrees\Main.cpp(61,14): warning C4244: 'initializing': conversion from 'float' to 'int', possible loss of data
C:\Users\Xelrac\Documents\GitHub\Quadtrees-Demo\Quadtrees\Main.cpp(62,53): warning C4244: 'argument': conversion from 'int' to 'T', possible loss of data
          with
          [
              T=float
          ]
C:\Users\Xelrac\Documents\GitHub\Quadtrees-Demo\Quadtrees\Main.cpp(62,36): warning C4244: 'argument': conversion from 'int' to 'T', possible loss of data
          with
          [
              T=float
          ]
  Puck.cpp
C:\Users\Xelrac\Documents\GitHub\Quadtrees-Demo\Quadtrees\Puck.cpp(95,73): warning C4244: 'argument': conversion from 'double' to 'T', possible loss of data
          with
          [
              T=float
          ]
C:\Users\Xelrac\Documents\GitHub\Quadtrees-Demo\Quadtrees\Puck.cpp(95,42): warning C4244: 'argument': conversion from 'double' to 'T', possible loss of data
          with
          [
              T=float
          ]
C:\Users\Xelrac\Documents\GitHub\Quadtrees-Demo\Quadtrees\Puck.cpp(105,18): warning C4244: 'initializing': conversion from 'double' to 'float', possible loss of data
C:\Users\Xelrac\Documents\GitHub\Quadtrees-Demo\Quadtrees\Puck.cpp(106,51): warning C4244: '+=': conversion from 'double' to 'T', possible loss of data
          with
          [
              T=float
          ]
C:\Users\Xelrac\Documents\GitHub\Quadtrees-Demo\Quadtrees\Puck.cpp(107,51): warning C4244: '+=': conversion from 'double' to 'T', possible loss of data
          with
          [
              T=float
          ]
C:\Users\Xelrac\Documents\GitHub\Quadtrees-Demo\Quadtrees\Puck.cpp(108,51): warning C4244: '-=': conversion from 'double' to 'T', possible loss of data
          with
          [
              T=float
          ]
C:\Users\Xelrac\Documents\GitHub\Quadtrees-Demo\Quadtrees\Puck.cpp(109,51): warning C4244: '-=': conversion from 'double' to 'T', possible loss of data
          with
          [
              T=float
          ]
  Generating code
  95 of 147 functions (64.6%) were compiled, the rest were copied from previous compilation.
    13 functions were new in current compilation
    3 functions had inline decision re-evaluated but remain unchanged
  Finished generating code
  Quadtrees.vcxproj -> C:\Users\Xelrac\Documents\GitHub\Quadtrees-Demo\Quadtrees\x64\Release\Quadtrees.exe
